{
  "stats": {
    "suites": 1,
    "tests": 3,
    "passes": 3,
    "pending": 0,
    "failures": 0,
    "start": "2022-04-01T10:36:15.088Z",
    "end": "2022-04-01T10:36:16.351Z",
    "duration": 1263,
    "testsRegistered": 3,
    "passPercent": 100,
    "pendingPercent": 0,
    "other": 0,
    "hasOther": false,
    "skipped": 0,
    "hasSkipped": false
  },
  "results": [
    {
      "uuid": "b3a18cc7-b1ef-4cbc-b46e-014019149fe1",
      "title": "",
      "fullFile": "cypress/integration/landingPage.spec.js",
      "file": "cypress/integration/landingPage.spec.js",
      "beforeHooks": [],
      "afterHooks": [],
      "tests": [],
      "suites": [
        {
          "uuid": "8c05468f-7b09-4c83-8e51-80a5fc9deebb",
          "title": "Landing page",
          "fullFile": "",
          "file": "",
          "beforeHooks": [],
          "afterHooks": [],
          "tests": [
            {
              "title": "should redirect to /users",
              "fullTitle": "Landing page should redirect to /users",
              "timedOut": null,
              "duration": 1189,
              "state": "passed",
              "speed": "slow",
              "pass": true,
              "fail": false,
              "pending": false,
              "context": null,
              "code": "cy.location('pathname').should('equal', '/users');",
              "err": {},
              "uuid": "5af8a768-a362-4a51-9ea2-2ad837f56307",
              "parentUUID": "8c05468f-7b09-4c83-8e51-80a5fc9deebb",
              "isHook": false,
              "skipped": false
            },
            {
              "title": "should have correct title",
              "fullTitle": "Landing page should have correct title",
              "timedOut": null,
              "duration": 19,
              "state": "passed",
              "speed": "fast",
              "pass": true,
              "fail": false,
              "pending": false,
              "context": null,
              "code": "cy.title().should('equal', constants.values.title);",
              "err": {},
              "uuid": "2d687511-af5d-4cc0-9c45-daa22c54f88f",
              "parentUUID": "8c05468f-7b09-4c83-8e51-80a5fc9deebb",
              "isHook": false,
              "skipped": false
            },
            {
              "title": "should show User List nav button",
              "fullTitle": "Landing page should show User List nav button",
              "timedOut": null,
              "duration": 24,
              "state": "passed",
              "speed": "fast",
              "pass": true,
              "fail": false,
              "pending": false,
              "context": null,
              "code": "cy.get('@userListNavButton').should('have.text', ' User List ').and('have.attr', 'href', '/users');",
              "err": {},
              "uuid": "7a8186dc-2d80-4d82-b9ab-98a517fc383e",
              "parentUUID": "8c05468f-7b09-4c83-8e51-80a5fc9deebb",
              "isHook": false,
              "skipped": false
            }
          ],
          "suites": [],
          "passes": [
            "5af8a768-a362-4a51-9ea2-2ad837f56307",
            "2d687511-af5d-4cc0-9c45-daa22c54f88f",
            "7a8186dc-2d80-4d82-b9ab-98a517fc383e"
          ],
          "failures": [],
          "pending": [],
          "skipped": [],
          "duration": 1232,
          "root": false,
          "rootEmpty": false,
          "_timeout": 2000
        }
      ],
      "passes": [],
      "failures": [],
      "pending": [],
      "skipped": [],
      "duration": 0,
      "root": true,
      "rootEmpty": true,
      "_timeout": 2000
    }
  ],
  "meta": {
    "mocha": {
      "version": "7.0.1"
    },
    "mochawesome": {
      "options": {
        "quiet": false,
        "reportFilename": "mochawesome",
        "saveHtml": false,
        "saveJson": true,
        "consoleReporter": "spec",
        "useInlineDiffs": false,
        "code": true
      },
      "version": "6.3.1"
    },
    "marge": {
      "options": {
        "overwrite": false,
        "html": false,
        "json": true
      },
      "version": "5.2.0"
    }
  }
}