{
  "stats": {
    "suites": 1,
    "tests": 1,
    "passes": 1,
    "pending": 0,
    "failures": 0,
    "start": "2022-04-01T10:36:11.993Z",
    "end": "2022-04-01T10:36:14.153Z",
    "duration": 2160,
    "testsRegistered": 1,
    "passPercent": 100,
    "pendingPercent": 0,
    "other": 0,
    "hasOther": false,
    "skipped": 0,
    "hasSkipped": false
  },
  "results": [
    {
      "uuid": "a01ed0f3-bfe5-4ecd-97c5-fd12cc7ca98f",
      "title": "",
      "fullFile": "cypress/integration/createUser.spec.js",
      "file": "cypress/integration/createUser.spec.js",
      "beforeHooks": [],
      "afterHooks": [],
      "tests": [],
      "suites": [
        {
          "uuid": "f79c68f0-3b95-48c0-9d3c-70a33d8868fd",
          "title": "Create User page",
          "fullFile": "",
          "file": "",
          "beforeHooks": [],
          "afterHooks": [],
          "tests": [
            {
              "title": "should land on the correct page",
              "fullTitle": "Create User page should land on the correct page",
              "timedOut": null,
              "duration": 2135,
              "state": "passed",
              "speed": "slow",
              "pass": true,
              "fail": false,
              "pending": false,
              "context": null,
              "code": "cy.location('pathname').should('equal', '/user/create');",
              "err": {},
              "uuid": "715c36c6-c81f-453d-8c4b-b9d51b5590d8",
              "parentUUID": "f79c68f0-3b95-48c0-9d3c-70a33d8868fd",
              "isHook": false,
              "skipped": false
            }
          ],
          "suites": [],
          "passes": [
            "715c36c6-c81f-453d-8c4b-b9d51b5590d8"
          ],
          "failures": [],
          "pending": [],
          "skipped": [],
          "duration": 2135,
          "root": false,
          "rootEmpty": false,
          "_timeout": 2000
        }
      ],
      "passes": [],
      "failures": [],
      "pending": [],
      "skipped": [],
      "duration": 0,
      "root": true,
      "rootEmpty": true,
      "_timeout": 2000
    }
  ],
  "meta": {
    "mocha": {
      "version": "7.0.1"
    },
    "mochawesome": {
      "options": {
        "quiet": false,
        "reportFilename": "mochawesome",
        "saveHtml": false,
        "saveJson": true,
        "consoleReporter": "spec",
        "useInlineDiffs": false,
        "code": true
      },
      "version": "6.3.1"
    },
    "marge": {
      "options": {
        "overwrite": false,
        "html": false,
        "json": true
      },
      "version": "5.2.0"
    }
  }
}